<?xml version="1.0" encoding="UTF-8"?>
<robot generator="Robot 6.1.1 (Python 3.11.6 on linux)" generated="20231120 11:35:34.190" rpa="false" schemaversion="4">
<suite id="s1" name="Tests" source="/home/kaspenva/palautusrepositorio/viikko3/hello-robot/src/tests">
<suite id="s1-s1" name="Increase Counter" source="/home/kaspenva/palautusrepositorio/viikko3/hello-robot/src/tests/increase_counter.robot">
<test id="s1-s1-t1" name="Increase Counter Once" line="5">
<kw name="Counter Value Should Be" library="CounterLibrary">
<arg>0</arg>
<status status="PASS" starttime="20231120 11:35:34.202" endtime="20231120 11:35:34.202"/>
</kw>
<kw name="Increase Counter" library="CounterLibrary">
<status status="PASS" starttime="20231120 11:35:34.202" endtime="20231120 11:35:34.202"/>
</kw>
<kw name="Counter Value Should Be" library="CounterLibrary">
<arg>1</arg>
<status status="PASS" starttime="20231120 11:35:34.202" endtime="20231120 11:35:34.203"/>
</kw>
<status status="PASS" starttime="20231120 11:35:34.202" endtime="20231120 11:35:34.203"/>
</test>
<test id="s1-s1-t2" name="Increase Counter Many Times" line="10">
<kw name="Counter Value Should Be" library="CounterLibrary">
<arg>0</arg>
<status status="PASS" starttime="20231120 11:35:34.203" endtime="20231120 11:35:34.203"/>
</kw>
<kw name="Increase Counter" library="CounterLibrary">
<status status="PASS" starttime="20231120 11:35:34.203" endtime="20231120 11:35:34.203"/>
</kw>
<kw name="Increase Counter" library="CounterLibrary">
<status status="PASS" starttime="20231120 11:35:34.203" endtime="20231120 11:35:34.203"/>
</kw>
<kw name="Increase Counter" library="CounterLibrary">
<status status="PASS" starttime="20231120 11:35:34.203" endtime="20231120 11:35:34.203"/>
</kw>
<kw name="Counter Value Should Be" library="CounterLibrary">
<arg>3</arg>
<status status="PASS" starttime="20231120 11:35:34.204" endtime="20231120 11:35:34.204"/>
</kw>
<status status="PASS" starttime="20231120 11:35:34.203" endtime="20231120 11:35:34.204"/>
</test>
<test id="s1-s1-t3" name="Increment Counter By Amount" line="17">
<kw name="Counter Value Should Be" library="CounterLibrary">
<arg>0</arg>
<status status="PASS" starttime="20231120 11:35:34.204" endtime="20231120 11:35:34.204"/>
</kw>
<kw name="Increment Counter By" library="CounterLibrary">
<arg>5</arg>
<status status="PASS" starttime="20231120 11:35:34.204" endtime="20231120 11:35:34.204"/>
</kw>
<kw name="Counter Value Should Be" library="CounterLibrary">
<arg>5</arg>
<status status="PASS" starttime="20231120 11:35:34.204" endtime="20231120 11:35:34.204"/>
</kw>
<status status="PASS" starttime="20231120 11:35:34.204" endtime="20231120 11:35:34.204"/>
</test>
<test id="s1-s1-t4" name="Reset Counter After One Increment" line="22">
<kw name="Counter Value Should Be" library="CounterLibrary">
<arg>0</arg>
<status status="PASS" starttime="20231120 11:35:34.205" endtime="20231120 11:35:34.205"/>
</kw>
<kw name="Increase Counter" library="CounterLibrary">
<status status="PASS" starttime="20231120 11:35:34.205" endtime="20231120 11:35:34.205"/>
</kw>
<kw name="Counter Value Should Be" library="CounterLibrary">
<arg>1</arg>
<status status="PASS" starttime="20231120 11:35:34.205" endtime="20231120 11:35:34.205"/>
</kw>
<kw name="Reset Counter" library="CounterLibrary">
<status status="PASS" starttime="20231120 11:35:34.205" endtime="20231120 11:35:34.205"/>
</kw>
<kw name="Counter Value Should Be" library="CounterLibrary">
<arg>0</arg>
<status status="PASS" starttime="20231120 11:35:34.205" endtime="20231120 11:35:34.205"/>
</kw>
<status status="PASS" starttime="20231120 11:35:34.204" endtime="20231120 11:35:34.205"/>
</test>
<test id="s1-s1-t5" name="Reset Counter After Several Increments" line="29">
<kw name="Counter Value Should Be" library="CounterLibrary">
<arg>0</arg>
<status status="PASS" starttime="20231120 11:35:34.205" endtime="20231120 11:35:34.205"/>
</kw>
<kw name="Increment Counter By" library="CounterLibrary">
<arg>5</arg>
<status status="PASS" starttime="20231120 11:35:34.205" endtime="20231120 11:35:34.206"/>
</kw>
<kw name="Counter Value Should Be" library="CounterLibrary">
<arg>5</arg>
<status status="PASS" starttime="20231120 11:35:34.206" endtime="20231120 11:35:34.206"/>
</kw>
<kw name="Reset Counter" library="CounterLibrary">
<status status="PASS" starttime="20231120 11:35:34.206" endtime="20231120 11:35:34.206"/>
</kw>
<kw name="Counter Value Should Be" library="CounterLibrary">
<arg>0</arg>
<status status="PASS" starttime="20231120 11:35:34.206" endtime="20231120 11:35:34.206"/>
</kw>
<status status="PASS" starttime="20231120 11:35:34.205" endtime="20231120 11:35:34.206"/>
</test>
<status status="PASS" starttime="20231120 11:35:34.200" endtime="20231120 11:35:34.206"/>
</suite>
<status status="PASS" starttime="20231120 11:35:34.190" endtime="20231120 11:35:34.206"/>
</suite>
<statistics>
<total>
<stat pass="5" fail="0" skip="0">All Tests</stat>
</total>
<tag>
</tag>
<suite>
<stat pass="5" fail="0" skip="0" id="s1" name="Tests">Tests</stat>
<stat pass="5" fail="0" skip="0" id="s1-s1" name="Increase Counter">Tests.Increase Counter</stat>
</suite>
</statistics>
<errors>
</errors>
</robot>
