<?xml version="1.0" encoding="UTF-8"?>
<robot generator="Robot 6.1.1 (Python 3.11.6 on linux)" generated="20231120 22:23:52.632" rpa="false" schemaversion="4">
<suite id="s1" name="Tests" source="/home/kaspenva/palautusrepositorio/viikko3/web-login/src/tests">
<suite id="s1-s1" name="Home" source="/home/kaspenva/palautusrepositorio/viikko3/web-login/src/tests/home.robot">
<kw name="Open And Configure Browser" library="resource" type="SETUP">
<kw name="Evaluate" library="BuiltIn">
<var>${options}</var>
<arg>sys.modules['selenium.webdriver'].ChromeOptions()</arg>
<arg>sys</arg>
<doc>Evaluates the given expression in Python and returns the result.</doc>
<msg timestamp="20231120 22:23:52.724" level="INFO">${options} = &lt;selenium.webdriver.chrome.options.Options object at 0x7f526ff5e7d0&gt;</msg>
<status status="PASS" starttime="20231120 22:23:52.724" endtime="20231120 22:23:52.724"/>
</kw>
<kw name="Call Method" library="BuiltIn">
<arg>${options}</arg>
<arg>add_argument</arg>
<arg>--no-sandbox</arg>
<doc>Calls the named method of the given object with the provided arguments.</doc>
<status status="PASS" starttime="20231120 22:23:52.724" endtime="20231120 22:23:52.724"/>
</kw>
<kw name="Call Method" library="BuiltIn">
<arg>${options}</arg>
<arg>add_argument</arg>
<arg>--headless</arg>
<doc>Calls the named method of the given object with the provided arguments.</doc>
<status status="PASS" starttime="20231120 22:23:52.724" endtime="20231120 22:23:52.724"/>
</kw>
<kw name="Open Browser" library="SeleniumLibrary">
<arg>browser=chrome</arg>
<arg>options=${options}</arg>
<doc>Opens a new browser instance to the optional ``url``.</doc>
<msg timestamp="20231120 22:23:52.725" level="INFO">Opening browser 'chrome' to base url 'None'.</msg>
<status status="PASS" starttime="20231120 22:23:52.725" endtime="20231120 22:23:53.387"/>
</kw>
<kw name="Set Selenium Speed" library="SeleniumLibrary">
<arg>${DELAY}</arg>
<doc>Sets the delay that is waited after each Selenium command.</doc>
<status status="PASS" starttime="20231120 22:23:53.387" endtime="20231120 22:23:53.387"/>
</kw>
<status status="PASS" starttime="20231120 22:23:52.724" endtime="20231120 22:23:53.387"/>
</kw>
<test id="s1-s1-t1" name="Click Login Link" line="8">
<kw name="Go To Starting Page" library="resource" type="SETUP">
<kw name="Go To" library="SeleniumLibrary">
<arg>${HOME_URL}</arg>
<doc>Navigates the current browser window to the provided ``url``.</doc>
<msg timestamp="20231120 22:23:53.389" level="INFO">Opening url 'http://localhost:5001'</msg>
<status status="PASS" starttime="20231120 22:23:53.389" endtime="20231120 22:23:53.447"/>
</kw>
<status status="PASS" starttime="20231120 22:23:53.389" endtime="20231120 22:23:53.447"/>
</kw>
<kw name="Click Link" library="SeleniumLibrary">
<arg>Login</arg>
<doc>Clicks a link identified by ``locator``.</doc>
<msg timestamp="20231120 22:23:53.448" level="INFO">Clicking link 'Login'.</msg>
<status status="PASS" starttime="20231120 22:23:53.447" endtime="20231120 22:23:53.484"/>
</kw>
<kw name="Login Page Should Be Open" library="resource">
<kw name="Title Should Be" library="SeleniumLibrary">
<arg>Login</arg>
<doc>Verifies that the current page title equals ``title``.</doc>
<msg timestamp="20231120 22:23:53.486" level="INFO">Page title is 'Login'.</msg>
<status status="PASS" starttime="20231120 22:23:53.484" endtime="20231120 22:23:53.486"/>
</kw>
<status status="PASS" starttime="20231120 22:23:53.484" endtime="20231120 22:23:53.486"/>
</kw>
<status status="PASS" starttime="20231120 22:23:53.387" endtime="20231120 22:23:53.486"/>
</test>
<test id="s1-s1-t2" name="Click Register Link" line="12">
<kw name="Go To Starting Page" library="resource" type="SETUP">
<kw name="Go To" library="SeleniumLibrary">
<arg>${HOME_URL}</arg>
<doc>Navigates the current browser window to the provided ``url``.</doc>
<msg timestamp="20231120 22:23:53.487" level="INFO">Opening url 'http://localhost:5001'</msg>
<status status="PASS" starttime="20231120 22:23:53.487" endtime="20231120 22:23:53.494"/>
</kw>
<status status="PASS" starttime="20231120 22:23:53.487" endtime="20231120 22:23:53.494"/>
</kw>
<kw name="Click Link" library="SeleniumLibrary">
<arg>Register new user</arg>
<doc>Clicks a link identified by ``locator``.</doc>
<msg timestamp="20231120 22:23:53.494" level="INFO">Clicking link 'Register new user'.</msg>
<status status="PASS" starttime="20231120 22:23:53.494" endtime="20231120 22:23:53.523"/>
</kw>
<kw name="Register Page Should Be Open" library="resource">
<kw name="Title Should Be" library="SeleniumLibrary">
<arg>Register</arg>
<doc>Verifies that the current page title equals ``title``.</doc>
<msg timestamp="20231120 22:23:53.525" level="INFO">Page title is 'Register'.</msg>
<status status="PASS" starttime="20231120 22:23:53.523" endtime="20231120 22:23:53.525"/>
</kw>
<status status="PASS" starttime="20231120 22:23:53.523" endtime="20231120 22:23:53.526"/>
</kw>
<status status="PASS" starttime="20231120 22:23:53.487" endtime="20231120 22:23:53.526"/>
</test>
<kw name="Close Browser" library="SeleniumLibrary" type="TEARDOWN">
<doc>Closes the current browser.</doc>
<status status="PASS" starttime="20231120 22:23:53.526" endtime="20231120 22:23:53.584"/>
</kw>
<status status="PASS" starttime="20231120 22:23:52.642" endtime="20231120 22:23:53.584"/>
</suite>
<suite id="s1-s2" name="Login" source="/home/kaspenva/palautusrepositorio/viikko3/web-login/src/tests/login.robot">
<kw name="Open And Configure Browser" library="resource" type="SETUP">
<kw name="Evaluate" library="BuiltIn">
<var>${options}</var>
<arg>sys.modules['selenium.webdriver'].ChromeOptions()</arg>
<arg>sys</arg>
<doc>Evaluates the given expression in Python and returns the result.</doc>
<msg timestamp="20231120 22:23:53.591" level="INFO">${options} = &lt;selenium.webdriver.chrome.options.Options object at 0x7f526ff89090&gt;</msg>
<status status="PASS" starttime="20231120 22:23:53.591" endtime="20231120 22:23:53.591"/>
</kw>
<kw name="Call Method" library="BuiltIn">
<arg>${options}</arg>
<arg>add_argument</arg>
<arg>--no-sandbox</arg>
<doc>Calls the named method of the given object with the provided arguments.</doc>
<status status="PASS" starttime="20231120 22:23:53.591" endtime="20231120 22:23:53.592"/>
</kw>
<kw name="Call Method" library="BuiltIn">
<arg>${options}</arg>
<arg>add_argument</arg>
<arg>--headless</arg>
<doc>Calls the named method of the given object with the provided arguments.</doc>
<status status="PASS" starttime="20231120 22:23:53.592" endtime="20231120 22:23:53.592"/>
</kw>
<kw name="Open Browser" library="SeleniumLibrary">
<arg>browser=chrome</arg>
<arg>options=${options}</arg>
<doc>Opens a new browser instance to the optional ``url``.</doc>
<msg timestamp="20231120 22:23:53.593" level="INFO">Opening browser 'chrome' to base url 'None'.</msg>
<status status="PASS" starttime="20231120 22:23:53.593" endtime="20231120 22:23:54.261"/>
</kw>
<kw name="Set Selenium Speed" library="SeleniumLibrary">
<arg>${DELAY}</arg>
<doc>Sets the delay that is waited after each Selenium command.</doc>
<status status="PASS" starttime="20231120 22:23:54.261" endtime="20231120 22:23:54.262"/>
</kw>
<status status="PASS" starttime="20231120 22:23:53.590" endtime="20231120 22:23:54.262"/>
</kw>
<test id="s1-s2-t1" name="Login With Correct Credentials" line="8">
<kw name="Create User And Go To Login Page" type="SETUP">
<kw name="Create User" library="AppLibrary">
<arg>kalle</arg>
<arg>kalle123</arg>
<status status="PASS" starttime="20231120 22:23:54.262" endtime="20231120 22:23:54.267"/>
</kw>
<kw name="Go To Login Page" library="resource">
<kw name="Go To" library="SeleniumLibrary">
<arg>${LOGIN_URL}</arg>
<doc>Navigates the current browser window to the provided ``url``.</doc>
<msg timestamp="20231120 22:23:54.267" level="INFO">Opening url 'http://localhost:5001/login'</msg>
<status status="PASS" starttime="20231120 22:23:54.267" endtime="20231120 22:23:54.306"/>
</kw>
<status status="PASS" starttime="20231120 22:23:54.267" endtime="20231120 22:23:54.306"/>
</kw>
<kw name="Login Page Should Be Open" library="resource">
<kw name="Title Should Be" library="SeleniumLibrary">
<arg>Login</arg>
<doc>Verifies that the current page title equals ``title``.</doc>
<msg timestamp="20231120 22:23:54.309" level="INFO">Page title is 'Login'.</msg>
<status status="PASS" starttime="20231120 22:23:54.307" endtime="20231120 22:23:54.309"/>
</kw>
<status status="PASS" starttime="20231120 22:23:54.307" endtime="20231120 22:23:54.309"/>
</kw>
<status status="PASS" starttime="20231120 22:23:54.262" endtime="20231120 22:23:54.309"/>
</kw>
<kw name="Set Username">
<arg>kalle</arg>
<kw name="Input Text" library="SeleniumLibrary">
<arg>username</arg>
<arg>${username}</arg>
<doc>Types the given ``text`` into the text field identified by ``locator``.</doc>
<msg timestamp="20231120 22:23:54.310" level="INFO">Typing text 'kalle' into text field 'username'.</msg>
<status status="PASS" starttime="20231120 22:23:54.310" endtime="20231120 22:23:54.364"/>
</kw>
<status status="PASS" starttime="20231120 22:23:54.310" endtime="20231120 22:23:54.364"/>
</kw>
<kw name="Set Password">
<arg>kalle123</arg>
<kw name="Input Password" library="SeleniumLibrary">
<arg>password</arg>
<arg>${password}</arg>
<doc>Types the given password into the text field identified by ``locator``.</doc>
<msg timestamp="20231120 22:23:54.364" level="INFO">Typing password into text field 'password'.</msg>
<msg timestamp="20231120 22:23:54.382" level="INFO">Temporally setting log level to: NONE</msg>
<msg timestamp="20231120 22:23:54.401" level="INFO">Log level changed from NONE to INFO.</msg>
<status status="PASS" starttime="20231120 22:23:54.364" endtime="20231120 22:23:54.401"/>
</kw>
<status status="PASS" starttime="20231120 22:23:54.364" endtime="20231120 22:23:54.401"/>
</kw>
<kw name="Submit Credentials">
<kw name="Click Button" library="SeleniumLibrary">
<arg>Login</arg>
<doc>Clicks the button identified by ``locator``.</doc>
<msg timestamp="20231120 22:23:54.402" level="INFO">Clicking button 'Login'.</msg>
<status status="PASS" starttime="20231120 22:23:54.402" endtime="20231120 22:23:54.454"/>
</kw>
<status status="PASS" starttime="20231120 22:23:54.402" endtime="20231120 22:23:54.454"/>
</kw>
<kw name="Login Should Succeed">
<kw name="Main Page Should Be Open" library="resource">
<kw name="Title Should Be" library="SeleniumLibrary">
<arg>Ohtu Application main page</arg>
<doc>Verifies that the current page title equals ``title``.</doc>
<msg timestamp="20231120 22:23:54.456" level="INFO">Page title is 'Ohtu Application main page'.</msg>
<status status="PASS" starttime="20231120 22:23:54.454" endtime="20231120 22:23:54.456"/>
</kw>
<status status="PASS" starttime="20231120 22:23:54.454" endtime="20231120 22:23:54.456"/>
</kw>
<status status="PASS" starttime="20231120 22:23:54.454" endtime="20231120 22:23:54.456"/>
</kw>
<status status="PASS" starttime="20231120 22:23:54.262" endtime="20231120 22:23:54.456"/>
</test>
<test id="s1-s2-t2" name="Login With Incorrect Password" line="14">
<kw name="Create User And Go To Login Page" type="SETUP">
<kw name="Create User" library="AppLibrary">
<arg>kalle</arg>
<arg>kalle123</arg>
<status status="PASS" starttime="20231120 22:23:54.457" endtime="20231120 22:23:54.463"/>
</kw>
<kw name="Go To Login Page" library="resource">
<kw name="Go To" library="SeleniumLibrary">
<arg>${LOGIN_URL}</arg>
<doc>Navigates the current browser window to the provided ``url``.</doc>
<msg timestamp="20231120 22:23:54.464" level="INFO">Opening url 'http://localhost:5001/login'</msg>
<status status="PASS" starttime="20231120 22:23:54.464" endtime="20231120 22:23:54.472"/>
</kw>
<status status="PASS" starttime="20231120 22:23:54.464" endtime="20231120 22:23:54.472"/>
</kw>
<kw name="Login Page Should Be Open" library="resource">
<kw name="Title Should Be" library="SeleniumLibrary">
<arg>Login</arg>
<doc>Verifies that the current page title equals ``title``.</doc>
<msg timestamp="20231120 22:23:54.474" level="INFO">Page title is 'Login'.</msg>
<status status="PASS" starttime="20231120 22:23:54.472" endtime="20231120 22:23:54.474"/>
</kw>
<status status="PASS" starttime="20231120 22:23:54.472" endtime="20231120 22:23:54.474"/>
</kw>
<status status="PASS" starttime="20231120 22:23:54.457" endtime="20231120 22:23:54.474"/>
</kw>
<kw name="Set Username">
<arg>kalle</arg>
<kw name="Input Text" library="SeleniumLibrary">
<arg>username</arg>
<arg>${username}</arg>
<doc>Types the given ``text`` into the text field identified by ``locator``.</doc>
<msg timestamp="20231120 22:23:54.475" level="INFO">Typing text 'kalle' into text field 'username'.</msg>
<status status="PASS" starttime="20231120 22:23:54.475" endtime="20231120 22:23:54.511"/>
</kw>
<status status="PASS" starttime="20231120 22:23:54.474" endtime="20231120 22:23:54.511"/>
</kw>
<kw name="Set Password">
<arg>kalle456</arg>
<kw name="Input Password" library="SeleniumLibrary">
<arg>password</arg>
<arg>${password}</arg>
<doc>Types the given password into the text field identified by ``locator``.</doc>
<msg timestamp="20231120 22:23:54.511" level="INFO">Typing password into text field 'password'.</msg>
<msg timestamp="20231120 22:23:54.526" level="INFO">Temporally setting log level to: NONE</msg>
<msg timestamp="20231120 22:23:54.545" level="INFO">Log level changed from NONE to INFO.</msg>
<status status="PASS" starttime="20231120 22:23:54.511" endtime="20231120 22:23:54.545"/>
</kw>
<status status="PASS" starttime="20231120 22:23:54.511" endtime="20231120 22:23:54.545"/>
</kw>
<kw name="Submit Credentials">
<kw name="Click Button" library="SeleniumLibrary">
<arg>Login</arg>
<doc>Clicks the button identified by ``locator``.</doc>
<msg timestamp="20231120 22:23:54.545" level="INFO">Clicking button 'Login'.</msg>
<status status="PASS" starttime="20231120 22:23:54.545" endtime="20231120 22:23:54.573"/>
</kw>
<status status="PASS" starttime="20231120 22:23:54.545" endtime="20231120 22:23:54.573"/>
</kw>
<kw name="Login Should Fail With Message">
<arg>Invalid username or password</arg>
<kw name="Login Page Should Be Open" library="resource">
<kw name="Title Should Be" library="SeleniumLibrary">
<arg>Login</arg>
<doc>Verifies that the current page title equals ``title``.</doc>
<msg timestamp="20231120 22:23:54.575" level="INFO">Page title is 'Login'.</msg>
<status status="PASS" starttime="20231120 22:23:54.573" endtime="20231120 22:23:54.575"/>
</kw>
<status status="PASS" starttime="20231120 22:23:54.573" endtime="20231120 22:23:54.575"/>
</kw>
<kw name="Page Should Contain" library="SeleniumLibrary">
<arg>${message}</arg>
<doc>Verifies that current page contains ``text``.</doc>
<msg timestamp="20231120 22:23:54.583" level="INFO">Current page contains text 'Invalid username or password'.</msg>
<status status="PASS" starttime="20231120 22:23:54.575" endtime="20231120 22:23:54.583"/>
</kw>
<status status="PASS" starttime="20231120 22:23:54.573" endtime="20231120 22:23:54.583"/>
</kw>
<status status="PASS" starttime="20231120 22:23:54.457" endtime="20231120 22:23:54.583"/>
</test>
<test id="s1-s2-t3" name="Login With Nonexistent Username" line="20">
<kw name="Create User And Go To Login Page" type="SETUP">
<kw name="Create User" library="AppLibrary">
<arg>kalle</arg>
<arg>kalle123</arg>
<status status="PASS" starttime="20231120 22:23:54.584" endtime="20231120 22:23:54.588"/>
</kw>
<kw name="Go To Login Page" library="resource">
<kw name="Go To" library="SeleniumLibrary">
<arg>${LOGIN_URL}</arg>
<doc>Navigates the current browser window to the provided ``url``.</doc>
<msg timestamp="20231120 22:23:54.589" level="INFO">Opening url 'http://localhost:5001/login'</msg>
<status status="PASS" starttime="20231120 22:23:54.589" endtime="20231120 22:23:54.595"/>
</kw>
<status status="PASS" starttime="20231120 22:23:54.589" endtime="20231120 22:23:54.595"/>
</kw>
<kw name="Login Page Should Be Open" library="resource">
<kw name="Title Should Be" library="SeleniumLibrary">
<arg>Login</arg>
<doc>Verifies that the current page title equals ``title``.</doc>
<msg timestamp="20231120 22:23:54.597" level="INFO">Page title is 'Login'.</msg>
<status status="PASS" starttime="20231120 22:23:54.595" endtime="20231120 22:23:54.597"/>
</kw>
<status status="PASS" starttime="20231120 22:23:54.595" endtime="20231120 22:23:54.597"/>
</kw>
<status status="PASS" starttime="20231120 22:23:54.584" endtime="20231120 22:23:54.597"/>
</kw>
<kw name="Set Password">
<arg>kalle123</arg>
<kw name="Input Password" library="SeleniumLibrary">
<arg>password</arg>
<arg>${password}</arg>
<doc>Types the given password into the text field identified by ``locator``.</doc>
<msg timestamp="20231120 22:23:54.598" level="INFO">Typing password into text field 'password'.</msg>
<msg timestamp="20231120 22:23:54.613" level="INFO">Temporally setting log level to: NONE</msg>
<msg timestamp="20231120 22:23:54.632" level="INFO">Log level changed from NONE to INFO.</msg>
<status status="PASS" starttime="20231120 22:23:54.598" endtime="20231120 22:23:54.632"/>
</kw>
<status status="PASS" starttime="20231120 22:23:54.598" endtime="20231120 22:23:54.632"/>
</kw>
<kw name="Submit Credentials">
<kw name="Click Button" library="SeleniumLibrary">
<arg>Login</arg>
<doc>Clicks the button identified by ``locator``.</doc>
<msg timestamp="20231120 22:23:54.632" level="INFO">Clicking button 'Login'.</msg>
<status status="PASS" starttime="20231120 22:23:54.632" endtime="20231120 22:23:54.660"/>
</kw>
<status status="PASS" starttime="20231120 22:23:54.632" endtime="20231120 22:23:54.661"/>
</kw>
<kw name="Login Should Fail With Message">
<arg>Username and password are required</arg>
<kw name="Login Page Should Be Open" library="resource">
<kw name="Title Should Be" library="SeleniumLibrary">
<arg>Login</arg>
<doc>Verifies that the current page title equals ``title``.</doc>
<msg timestamp="20231120 22:23:54.663" level="INFO">Page title is 'Login'.</msg>
<status status="PASS" starttime="20231120 22:23:54.661" endtime="20231120 22:23:54.663"/>
</kw>
<status status="PASS" starttime="20231120 22:23:54.661" endtime="20231120 22:23:54.663"/>
</kw>
<kw name="Page Should Contain" library="SeleniumLibrary">
<arg>${message}</arg>
<doc>Verifies that current page contains ``text``.</doc>
<msg timestamp="20231120 22:23:54.671" level="INFO">Current page contains text 'Username and password are required'.</msg>
<status status="PASS" starttime="20231120 22:23:54.663" endtime="20231120 22:23:54.671"/>
</kw>
<status status="PASS" starttime="20231120 22:23:54.661" endtime="20231120 22:23:54.671"/>
</kw>
<status status="PASS" starttime="20231120 22:23:54.583" endtime="20231120 22:23:54.671"/>
</test>
<kw name="Close Browser" library="SeleniumLibrary" type="TEARDOWN">
<doc>Closes the current browser.</doc>
<status status="PASS" starttime="20231120 22:23:54.671" endtime="20231120 22:23:54.731"/>
</kw>
<status status="PASS" starttime="20231120 22:23:53.586" endtime="20231120 22:23:54.731"/>
</suite>
<status status="PASS" starttime="20231120 22:23:52.632" endtime="20231120 22:23:54.732"/>
</suite>
<statistics>
<total>
<stat pass="5" fail="0" skip="0">All Tests</stat>
</total>
<tag>
</tag>
<suite>
<stat pass="5" fail="0" skip="0" id="s1" name="Tests">Tests</stat>
<stat pass="2" fail="0" skip="0" id="s1-s1" name="Home">Tests.Home</stat>
<stat pass="3" fail="0" skip="0" id="s1-s2" name="Login">Tests.Login</stat>
</suite>
</statistics>
<errors>
</errors>
</robot>
