<?xml version="1.0" encoding="UTF-8"?>
<robot generator="Robot 6.1.1 (Python 3.11.6 on linux)" generated="20231120 22:01:54.329" rpa="false" schemaversion="4">
<suite id="s1" name="Tests" source="/home/kaspenva/palautusrepositorio/viikko3/login-robot/src/tests">
<suite id="s1-s1" name="Login" source="/home/kaspenva/palautusrepositorio/viikko3/login-robot/src/tests/login.robot">
<test id="s1-s1-t1" name="Login With Correct Credentials" line="6">
<kw name="Create User And Input Login Command" type="SETUP">
<kw name="Create User" library="AppLibrary">
<arg>kalle</arg>
<arg>kalle123</arg>
<status status="PASS" starttime="20231120 22:01:54.344" endtime="20231120 22:01:54.344"/>
</kw>
<kw name="Input Login Command" library="resource">
<kw name="Input" library="AppLibrary">
<arg>login</arg>
<status status="PASS" starttime="20231120 22:01:54.344" endtime="20231120 22:01:54.344"/>
</kw>
<status status="PASS" starttime="20231120 22:01:54.344" endtime="20231120 22:01:54.344"/>
</kw>
<status status="PASS" starttime="20231120 22:01:54.344" endtime="20231120 22:01:54.344"/>
</kw>
<kw name="Input Credentials" library="resource">
<arg>kalle</arg>
<arg>kalle123</arg>
<kw name="Input" library="AppLibrary">
<arg>${username}</arg>
<status status="PASS" starttime="20231120 22:01:54.344" endtime="20231120 22:01:54.344"/>
</kw>
<kw name="Input" library="AppLibrary">
<arg>${password}</arg>
<status status="PASS" starttime="20231120 22:01:54.345" endtime="20231120 22:01:54.345"/>
</kw>
<kw name="Run Application" library="AppLibrary">
<status status="PASS" starttime="20231120 22:01:54.345" endtime="20231120 22:01:54.345"/>
</kw>
<status status="PASS" starttime="20231120 22:01:54.344" endtime="20231120 22:01:54.345"/>
</kw>
<kw name="Output Should Contain" library="AppLibrary">
<arg>Logged in</arg>
<status status="PASS" starttime="20231120 22:01:54.345" endtime="20231120 22:01:54.345"/>
</kw>
<status status="PASS" starttime="20231120 22:01:54.343" endtime="20231120 22:01:54.345"/>
</test>
<test id="s1-s1-t2" name="Login With Incorrect Password" line="10">
<kw name="Create User And Input Login Command" type="SETUP">
<kw name="Create User" library="AppLibrary">
<arg>kalle</arg>
<arg>kalle123</arg>
<status status="PASS" starttime="20231120 22:01:54.345" endtime="20231120 22:01:54.345"/>
</kw>
<kw name="Input Login Command" library="resource">
<kw name="Input" library="AppLibrary">
<arg>login</arg>
<status status="PASS" starttime="20231120 22:01:54.346" endtime="20231120 22:01:54.346"/>
</kw>
<status status="PASS" starttime="20231120 22:01:54.345" endtime="20231120 22:01:54.346"/>
</kw>
<status status="PASS" starttime="20231120 22:01:54.345" endtime="20231120 22:01:54.346"/>
</kw>
<kw name="Input Credentials" library="resource">
<arg>kappe</arg>
<arg>kappe124</arg>
<kw name="Input" library="AppLibrary">
<arg>${username}</arg>
<status status="PASS" starttime="20231120 22:01:54.346" endtime="20231120 22:01:54.346"/>
</kw>
<kw name="Input" library="AppLibrary">
<arg>${password}</arg>
<status status="PASS" starttime="20231120 22:01:54.346" endtime="20231120 22:01:54.346"/>
</kw>
<kw name="Run Application" library="AppLibrary">
<status status="PASS" starttime="20231120 22:01:54.346" endtime="20231120 22:01:54.346"/>
</kw>
<status status="PASS" starttime="20231120 22:01:54.346" endtime="20231120 22:01:54.346"/>
</kw>
<kw name="Output Should Contain" library="AppLibrary">
<arg>Invalid username or password</arg>
<status status="PASS" starttime="20231120 22:01:54.346" endtime="20231120 22:01:54.346"/>
</kw>
<status status="PASS" starttime="20231120 22:01:54.345" endtime="20231120 22:01:54.346"/>
</test>
<test id="s1-s1-t3" name="Login With Nonexistent Username" line="14">
<kw name="Create User And Input Login Command" type="SETUP">
<kw name="Create User" library="AppLibrary">
<arg>kalle</arg>
<arg>kalle123</arg>
<status status="PASS" starttime="20231120 22:01:54.347" endtime="20231120 22:01:54.347"/>
</kw>
<kw name="Input Login Command" library="resource">
<kw name="Input" library="AppLibrary">
<arg>login</arg>
<status status="PASS" starttime="20231120 22:01:54.347" endtime="20231120 22:01:54.347"/>
</kw>
<status status="PASS" starttime="20231120 22:01:54.347" endtime="20231120 22:01:54.347"/>
</kw>
<status status="PASS" starttime="20231120 22:01:54.347" endtime="20231120 22:01:54.347"/>
</kw>
<kw name="Input Credentials" library="resource">
<arg>moi</arg>
<arg>moi123</arg>
<kw name="Input" library="AppLibrary">
<arg>${username}</arg>
<status status="PASS" starttime="20231120 22:01:54.347" endtime="20231120 22:01:54.347"/>
</kw>
<kw name="Input" library="AppLibrary">
<arg>${password}</arg>
<status status="PASS" starttime="20231120 22:01:54.347" endtime="20231120 22:01:54.348"/>
</kw>
<kw name="Run Application" library="AppLibrary">
<status status="PASS" starttime="20231120 22:01:54.348" endtime="20231120 22:01:54.348"/>
</kw>
<status status="PASS" starttime="20231120 22:01:54.347" endtime="20231120 22:01:54.348"/>
</kw>
<kw name="Output Should Contain" library="AppLibrary">
<arg>Invalid username or password</arg>
<status status="PASS" starttime="20231120 22:01:54.348" endtime="20231120 22:01:54.348"/>
</kw>
<status status="PASS" starttime="20231120 22:01:54.347" endtime="20231120 22:01:54.348"/>
</test>
<status status="PASS" starttime="20231120 22:01:54.340" endtime="20231120 22:01:54.348"/>
</suite>
<suite id="s1-s2" name="Register" source="/home/kaspenva/palautusrepositorio/viikko3/login-robot/src/tests/register.robot">
<test id="s1-s2-t1" name="Register With Valid Username And Password" line="6">
<kw name="Input New Command And Create User" type="SETUP">
<kw name="Create User" library="AppLibrary">
<arg>kalle</arg>
<arg>kalle123</arg>
<status status="PASS" starttime="20231120 22:01:54.350" endtime="20231120 22:01:54.350"/>
</kw>
<kw name="Input New Command" library="resource">
<kw name="Input" library="AppLibrary">
<arg>new</arg>
<status status="PASS" starttime="20231120 22:01:54.350" endtime="20231120 22:01:54.350"/>
</kw>
<status status="PASS" starttime="20231120 22:01:54.350" endtime="20231120 22:01:54.350"/>
</kw>
<status status="PASS" starttime="20231120 22:01:54.350" endtime="20231120 22:01:54.350"/>
</kw>
<kw name="Input Credentials" library="resource">
<arg>nipsu</arg>
<arg>Nipsu123</arg>
<kw name="Input" library="AppLibrary">
<arg>${username}</arg>
<status status="PASS" starttime="20231120 22:01:54.350" endtime="20231120 22:01:54.350"/>
</kw>
<kw name="Input" library="AppLibrary">
<arg>${password}</arg>
<status status="PASS" starttime="20231120 22:01:54.350" endtime="20231120 22:01:54.350"/>
</kw>
<kw name="Run Application" library="AppLibrary">
<status status="PASS" starttime="20231120 22:01:54.350" endtime="20231120 22:01:54.350"/>
</kw>
<status status="PASS" starttime="20231120 22:01:54.350" endtime="20231120 22:01:54.350"/>
</kw>
<kw name="Output Should Contain" library="AppLibrary">
<arg>New user registered</arg>
<status status="PASS" starttime="20231120 22:01:54.350" endtime="20231120 22:01:54.351"/>
</kw>
<status status="PASS" starttime="20231120 22:01:54.349" endtime="20231120 22:01:54.351"/>
</test>
<test id="s1-s2-t2" name="Register With Already Taken Username And Valid Password" line="10">
<kw name="Input New Command And Create User" type="SETUP">
<kw name="Create User" library="AppLibrary">
<arg>kalle</arg>
<arg>kalle123</arg>
<status status="PASS" starttime="20231120 22:01:54.351" endtime="20231120 22:01:54.351"/>
</kw>
<kw name="Input New Command" library="resource">
<kw name="Input" library="AppLibrary">
<arg>new</arg>
<status status="PASS" starttime="20231120 22:01:54.352" endtime="20231120 22:01:54.352"/>
</kw>
<status status="PASS" starttime="20231120 22:01:54.351" endtime="20231120 22:01:54.352"/>
</kw>
<status status="PASS" starttime="20231120 22:01:54.351" endtime="20231120 22:01:54.352"/>
</kw>
<kw name="Input Credentials" library="resource">
<arg>kalle</arg>
<arg>m12343123</arg>
<kw name="Input" library="AppLibrary">
<arg>${username}</arg>
<status status="PASS" starttime="20231120 22:01:54.352" endtime="20231120 22:01:54.352"/>
</kw>
<kw name="Input" library="AppLibrary">
<arg>${password}</arg>
<status status="PASS" starttime="20231120 22:01:54.352" endtime="20231120 22:01:54.352"/>
</kw>
<kw name="Run Application" library="AppLibrary">
<status status="PASS" starttime="20231120 22:01:54.352" endtime="20231120 22:01:54.352"/>
</kw>
<status status="PASS" starttime="20231120 22:01:54.352" endtime="20231120 22:01:54.352"/>
</kw>
<kw name="Output Should Contain" library="AppLibrary">
<arg>Username already exists</arg>
<status status="PASS" starttime="20231120 22:01:54.352" endtime="20231120 22:01:54.352"/>
</kw>
<status status="PASS" starttime="20231120 22:01:54.351" endtime="20231120 22:01:54.352"/>
</test>
<test id="s1-s2-t3" name="Register With Too Short Username And Valid Password" line="14">
<kw name="Input New Command And Create User" type="SETUP">
<kw name="Create User" library="AppLibrary">
<arg>kalle</arg>
<arg>kalle123</arg>
<status status="PASS" starttime="20231120 22:01:54.353" endtime="20231120 22:01:54.353"/>
</kw>
<kw name="Input New Command" library="resource">
<kw name="Input" library="AppLibrary">
<arg>new</arg>
<status status="PASS" starttime="20231120 22:01:54.353" endtime="20231120 22:01:54.353"/>
</kw>
<status status="PASS" starttime="20231120 22:01:54.353" endtime="20231120 22:01:54.353"/>
</kw>
<status status="PASS" starttime="20231120 22:01:54.353" endtime="20231120 22:01:54.353"/>
</kw>
<kw name="Input Credentials" library="resource">
<arg>mi</arg>
<arg>moi12345</arg>
<kw name="Input" library="AppLibrary">
<arg>${username}</arg>
<status status="PASS" starttime="20231120 22:01:54.353" endtime="20231120 22:01:54.353"/>
</kw>
<kw name="Input" library="AppLibrary">
<arg>${password}</arg>
<status status="PASS" starttime="20231120 22:01:54.353" endtime="20231120 22:01:54.353"/>
</kw>
<kw name="Run Application" library="AppLibrary">
<status status="PASS" starttime="20231120 22:01:54.353" endtime="20231120 22:01:54.353"/>
</kw>
<status status="PASS" starttime="20231120 22:01:54.353" endtime="20231120 22:01:54.353"/>
</kw>
<kw name="Output Should Contain" library="AppLibrary">
<arg>Username has to be 3 or more letters</arg>
<status status="PASS" starttime="20231120 22:01:54.354" endtime="20231120 22:01:54.354"/>
</kw>
<status status="PASS" starttime="20231120 22:01:54.353" endtime="20231120 22:01:54.354"/>
</test>
<test id="s1-s2-t4" name="Register With Enough Long But Invalid Username And Valid Password" line="18">
<kw name="Input New Command And Create User" type="SETUP">
<kw name="Create User" library="AppLibrary">
<arg>kalle</arg>
<arg>kalle123</arg>
<status status="PASS" starttime="20231120 22:01:54.354" endtime="20231120 22:01:54.354"/>
</kw>
<kw name="Input New Command" library="resource">
<kw name="Input" library="AppLibrary">
<arg>new</arg>
<status status="PASS" starttime="20231120 22:01:54.354" endtime="20231120 22:01:54.354"/>
</kw>
<status status="PASS" starttime="20231120 22:01:54.354" endtime="20231120 22:01:54.354"/>
</kw>
<status status="PASS" starttime="20231120 22:01:54.354" endtime="20231120 22:01:54.354"/>
</kw>
<kw name="Input Credentials" library="resource">
<arg>moi123#</arg>
<arg>moi12345</arg>
<kw name="Input" library="AppLibrary">
<arg>${username}</arg>
<status status="PASS" starttime="20231120 22:01:54.354" endtime="20231120 22:01:54.355"/>
</kw>
<kw name="Input" library="AppLibrary">
<arg>${password}</arg>
<status status="PASS" starttime="20231120 22:01:54.355" endtime="20231120 22:01:54.355"/>
</kw>
<kw name="Run Application" library="AppLibrary">
<status status="PASS" starttime="20231120 22:01:54.355" endtime="20231120 22:01:54.355"/>
</kw>
<status status="PASS" starttime="20231120 22:01:54.354" endtime="20231120 22:01:54.355"/>
</kw>
<kw name="Output Should Contain" library="AppLibrary">
<arg>Username must contain only letters a-z</arg>
<status status="PASS" starttime="20231120 22:01:54.355" endtime="20231120 22:01:54.355"/>
</kw>
<status status="PASS" starttime="20231120 22:01:54.354" endtime="20231120 22:01:54.355"/>
</test>
<test id="s1-s2-t5" name="Register With Valid Username And Too Short Password" line="22">
<kw name="Input New Command And Create User" type="SETUP">
<kw name="Create User" library="AppLibrary">
<arg>kalle</arg>
<arg>kalle123</arg>
<status status="PASS" starttime="20231120 22:01:54.355" endtime="20231120 22:01:54.355"/>
</kw>
<kw name="Input New Command" library="resource">
<kw name="Input" library="AppLibrary">
<arg>new</arg>
<status status="PASS" starttime="20231120 22:01:54.355" endtime="20231120 22:01:54.355"/>
</kw>
<status status="PASS" starttime="20231120 22:01:54.355" endtime="20231120 22:01:54.356"/>
</kw>
<status status="PASS" starttime="20231120 22:01:54.355" endtime="20231120 22:01:54.356"/>
</kw>
<kw name="Input Credentials" library="resource">
<arg>heihei</arg>
<arg>moi123</arg>
<kw name="Input" library="AppLibrary">
<arg>${username}</arg>
<status status="PASS" starttime="20231120 22:01:54.356" endtime="20231120 22:01:54.356"/>
</kw>
<kw name="Input" library="AppLibrary">
<arg>${password}</arg>
<status status="PASS" starttime="20231120 22:01:54.356" endtime="20231120 22:01:54.356"/>
</kw>
<kw name="Run Application" library="AppLibrary">
<status status="PASS" starttime="20231120 22:01:54.356" endtime="20231120 22:01:54.356"/>
</kw>
<status status="PASS" starttime="20231120 22:01:54.356" endtime="20231120 22:01:54.356"/>
</kw>
<kw name="Output Should Contain" library="AppLibrary">
<arg>Password needs to be more than 7 characters long</arg>
<status status="PASS" starttime="20231120 22:01:54.356" endtime="20231120 22:01:54.356"/>
</kw>
<status status="PASS" starttime="20231120 22:01:54.355" endtime="20231120 22:01:54.356"/>
</test>
<test id="s1-s2-t6" name="Register With Valid Username And Long Enough Password Containing Only Letters" line="26">
<kw name="Input New Command And Create User" type="SETUP">
<kw name="Create User" library="AppLibrary">
<arg>kalle</arg>
<arg>kalle123</arg>
<status status="PASS" starttime="20231120 22:01:54.357" endtime="20231120 22:01:54.357"/>
</kw>
<kw name="Input New Command" library="resource">
<kw name="Input" library="AppLibrary">
<arg>new</arg>
<status status="PASS" starttime="20231120 22:01:54.357" endtime="20231120 22:01:54.357"/>
</kw>
<status status="PASS" starttime="20231120 22:01:54.357" endtime="20231120 22:01:54.357"/>
</kw>
<status status="PASS" starttime="20231120 22:01:54.356" endtime="20231120 22:01:54.357"/>
</kw>
<kw name="Input Credentials" library="resource">
<arg>heimoi</arg>
<arg>moimoimomoimo</arg>
<kw name="Input" library="AppLibrary">
<arg>${username}</arg>
<status status="PASS" starttime="20231120 22:01:54.357" endtime="20231120 22:01:54.357"/>
</kw>
<kw name="Input" library="AppLibrary">
<arg>${password}</arg>
<status status="PASS" starttime="20231120 22:01:54.357" endtime="20231120 22:01:54.357"/>
</kw>
<kw name="Run Application" library="AppLibrary">
<status status="PASS" starttime="20231120 22:01:54.357" endtime="20231120 22:01:54.357"/>
</kw>
<status status="PASS" starttime="20231120 22:01:54.357" endtime="20231120 22:01:54.357"/>
</kw>
<kw name="Output Should Contain" library="AppLibrary">
<arg>Password has to contain something else than just letters</arg>
<status status="PASS" starttime="20231120 22:01:54.357" endtime="20231120 22:01:54.357"/>
</kw>
<status status="PASS" starttime="20231120 22:01:54.356" endtime="20231120 22:01:54.357"/>
</test>
<status status="PASS" starttime="20231120 22:01:54.348" endtime="20231120 22:01:54.358"/>
</suite>
<status status="PASS" starttime="20231120 22:01:54.329" endtime="20231120 22:01:54.358"/>
</suite>
<statistics>
<total>
<stat pass="9" fail="0" skip="0">All Tests</stat>
</total>
<tag>
</tag>
<suite>
<stat pass="9" fail="0" skip="0" id="s1" name="Tests">Tests</stat>
<stat pass="3" fail="0" skip="0" id="s1-s1" name="Login">Tests.Login</stat>
<stat pass="6" fail="0" skip="0" id="s1-s2" name="Register">Tests.Register</stat>
</suite>
</statistics>
<errors>
</errors>
</robot>
